app/build/outputs/mapping/release/seeds.txt
com.htetznaing.magiz.MainActivity
com.htetznaing.magiz.MainActivity: MainActivity()
...
androidx.constraintlayout.widget.ConstraintLayout: void setMaxHeight(int)
com.google.android.material.chip.Chip: void setChipDrawable(com.google.android.material.chip.ChipDrawable)
androidx.core.graphics.drawable.IconCompat$Api28Impl: android.net.Uri getUri(java.lang.Object)
androidx.appcompat.widget.AppCompatImageView: void setSupportBackgroundTintList(android.content.res.ColorStateList)
androidx.appcompat.widget.AppCompatButton: androidx.appcompat.widget.AppCompatEmojiTextHelper getEmojiTextViewHelper()
androidx.appcompat.widget.AppCompatImageButton: void setImageDrawable(android.graphics.drawable.Drawable)
androidx.appcompat.widget.AppCompatButton: void setSupportBackgroundTintList(android.content.res.ColorStateList)
androidx.core.view.ViewGroupCompat$Api21Impl: int getNestedScrollAxes(android.view.ViewGroup)
com.google.android.material.chip.Chip: void setCheckedIconResource(int)
com.google.android.material.button.MaterialButton: android.graphics.drawable.Drawable getIcon()
com.google.android.material.chip.Chip: void setChipIcon(android.graphics.drawable.Drawable)
androidx.core.view.WindowInsetsCompat$Impl20: boolean equals(java.lang.Object)
androidx.appcompat.widget.AppCompatToggleButton: androidx.appcompat.widget.AppCompatEmojiTextHelper getEmojiTextViewHelper()
androidx.core.os.BundleApi21ImplKt: void putSize(android.os.Bundle,java.lang.String,android.util.Size)
com.google.android.material.chip.Chip: void setCloseIconEndPaddingResource(int)
androidx.core.view.WindowInsetsCompat$Impl20: androidx.core.graphics.Insets getSystemWindowInsets()
androidx.core.view.DisplayCutoutCompat$Api28Impl: java.util.List getBoundingRects(android.view.DisplayCutout)
com.google.android.material.textfield.TextInputLayout: void setPasswordVisibilityToggleTintList(android.content.res.ColorStateList)
androidx.appcompat.widget.SearchView: int getPreferredWidth()
androidx.core.view.ViewCompat$Api20Impl: void requestApplyInsets(android.view.View)
androidx.vectordrawable.graphics.drawable.VectorDrawableCompat$VGroup: void setPivotX(float)
androidx.appcompat.widget.AppCompatImageView: void setBackgroundDrawable(android.graphics.drawable.Drawable)
com.google.android.material.button.MaterialButton: void setIconTint(android.content.res.ColorStateList)
com.google.android.material.textfield.TextInputLayout: void setErrorContentDescription(java.lang.CharSequence)
androidx.core.view.WindowInsetsCompat$BuilderImpl29: androidx.core.view.WindowInsetsCompat build()
androidx.core.view.WindowInsetsCompat$Impl28: WindowInsetsCompat$Impl28(androidx.core.view.WindowInsetsCompat,android.view.WindowInsets)
androidx.core.view.ViewConfigurationCompat$Api28Impl: boolean shouldShowMenuShortcutsWhenKeyboardPresent(android.view.ViewConfiguration)
androidx.core.view.WindowInsetsCompat$Impl: void copyRootViewBounds(android.view.View)
androidx.core.widget.NestedScrollView: void setNestedScrollingEnabled(boolean)
androidx.appcompat.widget.AppCompatMultiAutoCompleteTextView: void setSupportBackgroundTintList(android.content.res.ColorStateList)
androidx.appcompat.widget.AppCompatCheckBox: void setSupportBackgroundTintList(android.content.res.ColorStateList)
com.google.android.material.appbar.AppBarLayout: int getDownNestedScrollRange()
androidx.appcompat.widget.SearchView: void setOnQueryTextFocusChangeListener(android.view.View$OnFocusChangeListener)
androidx.core.widget.NestedScrollView$Api21Impl: boolean getClipToPadding(android.view.ViewGroup)
com.google.android.material.textfield.TextInputLayout: int getEndIconMode()
com.google.android.material.chip.Chip: void setChipTextResource(int)
androidx.appcompat.widget.DropDownListView: void setSelectorEnabled(boolean)
androidx.constraintlayout.widget.Guideline: void setVisibility(int)
androidx.coordinatorlayout.widget.CoordinatorLayout: void setStatusBarBackgroundResource(int)