app/build/outputs/mapping/release/mapping.txt
# compiler: R8
# compiler_version: 3.2.74
# min_api: 23
# common_typos_disable
# {"id":"com.android.tools.r8.mapping","version":"2.0"}
# pg_map_id: ad36184
# pg_map_hash: SHA-256 ad36184351ef17df060f22a80de9f2d8d6fb07c28e0c0ccb926370df8e6823ee
com.htetznaing.magiz.Async.TaskRunner -> 㣏.㰪:
    android.os.Handler handler -> 㰪
    java.util.concurrent.Executor executor -> 㼋
com.htetznaing.magiz.Async.TaskRunner$Callback -> 㣏.㰪$㼋:
com.htetznaing.magiz.Constants -> 㟕.㼋:
    boolean isAfterAndroid12() -> Ⲭ
    boolean isAfterAndroid10() -> 㰪
    java.lang.String getFileName(android.content.Context,android.net.Uri) -> 㼋
com.htetznaing.magiz.MainActivity -> com.htetznaing.magiz.MainActivity:
    android.net.Uri selected -> ߨ
    androidx.activity.result.ActivityResultLauncher filePickerResult -> ᘹ
    com.htetznaing.magiz.databinding.ActivityMainBinding binding -> ᯙ
    com.htetznaing.magiz.utils.MagicUIThemeInstaller themeInstaller -> 䀟
    int $r8$clinit -> ֆ
    1:1:com.htetznaing.magiz.databinding.ActivityMainBinding com.htetznaing.magiz.databinding.ActivityMainBinding.inflate(android.view.LayoutInflater,android.view.ViewGroup,boolean):0:0 -> onCreate
    1:1:com.htetznaing.magiz.databinding.ActivityMainBinding com.htetznaing.magiz.databinding.ActivityMainBinding.inflate(android.view.LayoutInflater):0 -> onCreate
    1:1:void onCreate(android.os.Bundle):0 -> onCreate
    2:2:com.htetznaing.magiz.databinding.ActivityMainBinding com.htetznaing.magiz.databinding.ActivityMainBinding.bind(android.view.View):0:0 -> onCreate
    2:2:com.htetznaing.magiz.databinding.ActivityMainBinding com.htetznaing.magiz.databinding.ActivityMainBinding.inflate(android.view.LayoutInflater,android.view.ViewGroup,boolean):0 -> onCreate
    2:2:com.htetznaing.magiz.databinding.ActivityMainBinding com.htetznaing.magiz.databinding.ActivityMainBinding.inflate(android.view.LayoutInflater):0 -> onCreate
    2:2:void onCreate(android.os.Bundle):0 -> onCreate
    3:3:void onCreate(android.os.Bundle):0:0 -> onCreate
com.htetznaing.magiz.SAFConstants -> 㟕.ড়:
    1:1:androidx.documentfile.provider.DocumentFile androidx.documentfile.provider.DocumentFile.fromTreeUri(android.content.Context,android.net.Uri):0:0 -> Ⲭ
    1:1:android.net.Uri loadSavedDirectory(android.content.Context,java.lang.String):0 -> Ⲭ
    2:2:boolean androidx.documentfile.provider.DocumentsContractApi19.exists(android.content.Context,android.net.Uri):0:0 -> Ⲭ
    2:2:boolean androidx.documentfile.provider.TreeDocumentFile.exists():0 -> Ⲭ
    2:2:android.net.Uri loadSavedDirectory(android.content.Context,java.lang.String):0 -> Ⲭ
    3:3:android.net.Uri loadSavedDirectory(android.content.Context,java.lang.String):0:0 -> Ⲭ
    4:4:boolean androidx.documentfile.provider.DocumentsContractApi19.exists(android.content.Context,android.net.Uri):0:0 -> Ⲭ
    4:4:boolean androidx.documentfile.provider.TreeDocumentFile.exists():0 -> Ⲭ
    4:4:android.net.Uri loadSavedDirectory(android.content.Context,java.lang.String):0 -> Ⲭ
    1:1:androidx.documentfile.provider.DocumentFile androidx.documentfile.provider.TreeDocumentFile.createDirectory(java.lang.String):0:0 -> 㰪
    1:1:androidx.documentfile.provider.DocumentFile findFolder(androidx.documentfile.provider.DocumentFile,java.lang.String):0 -> 㰪
    2:2:android.net.Uri androidx.documentfile.provider.TreeDocumentFile.createFile(android.content.Context,android.net.Uri,java.lang.String,java.lang.String):0:0 -> 㰪
...
androidx.lifecycle.Lifecycle$1 -> androidx.lifecycle.ϴ$㼋:
    int[] $SwitchMap$androidx$lifecycle$Lifecycle$State -> 㼋
    int[] $SwitchMap$androidx$lifecycle$Lifecycle$Event -> 㰪
androidx.lifecycle.Lifecycle$Event -> androidx.lifecycle.ϴ$㰪:
    androidx.lifecycle.Lifecycle$Event upFrom(androidx.lifecycle.Lifecycle$State) -> 㰪
    androidx.lifecycle.Lifecycle$State getTargetState() -> 㼋
androidx.lifecycle.Lifecycle$State -> androidx.lifecycle.ϴ$Ⲭ:
    androidx.lifecycle.Lifecycle$State DESTROYED -> Ⲭ
    androidx.lifecycle.Lifecycle$State STARTED -> ǰ
    androidx.lifecycle.Lifecycle$State CREATED -> ᦧ
    androidx.lifecycle.Lifecycle$State RESUMED -> ϴ
    androidx.lifecycle.Lifecycle$State[] $VALUES -> 㤕
    androidx.lifecycle.Lifecycle$State INITIALIZED -> ড়
    boolean isAtLeast(androidx.lifecycle.Lifecycle$State) -> 㼋
androidx.lifecycle.LifecycleDispatcher -> androidx.lifecycle.㤕:
    java.util.concurrent.atomic.AtomicBoolean sInitialized -> 㼋
androidx.lifecycle.LifecycleDispatcher$DispatcherActivityCallback -> androidx.lifecycle.㤕$㼋:
androidx.lifecycle.LifecycleEventObserver -> androidx.lifecycle.ዒ:
    void onStateChanged(androidx.lifecycle.LifecycleOwner,androidx.lifecycle.Lifecycle$Event) -> ϴ
androidx.lifecycle.LifecycleObserver -> androidx.lifecycle.ઢ:
androidx.lifecycle.LifecycleOwner -> androidx.lifecycle.Һ:
    androidx.lifecycle.Lifecycle getLifecycle() -> 㼋
androidx.lifecycle.LifecycleRegistry -> androidx.lifecycle.㼢:
    androidx.arch.core.internal.FastSafeIterableMap mObserverMap -> 㼋
    androidx.lifecycle.Lifecycle$State mState -> 㰪
    int mAddingObserverCounter -> ড়
    boolean mEnforceMainThread -> 㤕
    boolean mNewEventOccurred -> ǰ
    java.lang.ref.WeakReference mLifecycleOwner -> Ⲭ
    java.util.ArrayList mParentStates -> ϴ
    boolean mHandlingEvent -> ᦧ
    0:65535:void <init>(androidx.lifecycle.LifecycleOwner,boolean):0:0 -> <init>
    0:65535:void <init>(androidx.lifecycle.LifecycleOwner):0 -> <init>
    void handleLifecycleEvent(androidx.lifecycle.Lifecycle$Event) -> ǰ
    androidx.lifecycle.Lifecycle$State min(androidx.lifecycle.Lifecycle$State,androidx.lifecycle.Lifecycle$State) -> ϴ
    void setCurrentState(androidx.lifecycle.Lifecycle$State) -> Һ
    1:1:java.util.Map$Entry androidx.arch.core.internal.FastSafeIterableMap.ceil(java.lang.Object):0:0 -> ড়
    1:1:androidx.lifecycle.Lifecycle$State calculateTargetState(androidx.lifecycle.LifecycleObserver):0 -> ড়
      # {"id":"com.android.tools.r8.rewriteFrame","conditions":["throws(Ljava/lang/NullPointerException;)"],"actions":["removeInnerFrames(1)"]}
    2:2:java.lang.Object androidx.arch.core.internal.SafeIterableMap$Entry.getValue():0:0 -> ড়
    2:2:androidx.lifecycle.Lifecycle$State calculateTargetState(androidx.lifecycle.LifecycleObserver):0 -> ড়
androidx.lifecycle.LifecycleRegistry$ObserverWithState -> androidx.lifecycle.㼢$㼋:
    androidx.lifecycle.LifecycleEventObserver mLifecycleObserver -> 㰪
    androidx.lifecycle.Lifecycle$State mState -> 㼋
    1:1:androidx.lifecycle.LifecycleEventObserver androidx.lifecycle.Lifecycling.lifecycleEventObserver(java.lang.Object):0:0 -> <init>
    1:1:void <init>(androidx.lifecycle.LifecycleObserver,androidx.lifecycle.Lifecycle$State):0 -> <init>
    2:2:void <init>(androidx.lifecycle.LifecycleObserver,androidx.lifecycle.Lifecycle$State):0:0 -> <init>
    void dispatchEvent(androidx.lifecycle.LifecycleOwner,androidx.lifecycle.Lifecycle$Event) -> 㼋
androidx.lifecycle.LifecycleRegistryOwner -> androidx.lifecycle.Ԭ:
    androidx.lifecycle.LifecycleRegistry getLifecycle() -> 㼋