app/build/outputs/mapping/release/usage.txt
com.htetznaing.magiz.BuildConfig
com.htetznaing.magiz.Constants:
    public void <init>()
com.htetznaing.magiz.MagicThemeInstaller$1
com.htetznaing.magiz.MagicThemeInstaller$2
com.htetznaing.magiz.MagicThemeInstaller
com.htetznaing.magiz.R$color
com.htetznaing.magiz.R$dimen
com.htetznaing.magiz.R$drawable
com.htetznaing.magiz.R$id
com.htetznaing.magiz.R$layout
com.htetznaing.magiz.R$mipmap
com.htetznaing.magiz.R$string
com.htetznaing.magiz.R$style
com.htetznaing.magiz.R$xml
com.htetznaing.magiz.R
com.htetznaing.magiz.SAFConstants:
    public void <init>()
com.htetznaing.magiz.ZFileExtensions:
    public void <init>()
com.htetznaing.magiz.databinding.ActivityMainBinding:
    public synthetic bridge android.view.View getRoot()
com.htetznaing.magiz.databinding.ProgressDialogBinding:
    public synthetic bridge android.view.View getRoot()
com.htetznaing.magiz.utils.ClipboardUtils:
    public void <init>()
com.htetznaing.magiz.utils.MagicUIThemeInstaller:
    private static final java.lang.String HONOR_THEME_PKG
com.htetznaing.magiz.utils.StreamUtils:
    public void <init>()
com.htetznaing.magiz.Async.TaskRunner$$InternalSyntheticLambda$1$4e0915a50da5db5cb6f4e7722f8ee77323b048422d7cc1d8afffb60cad51f33c$0
com.htetznaing.magiz.Async.TaskRunner$$InternalSyntheticLambda$2$739d00cd74844d9f8d9d83dd08611d773bab94458f70c5716978ff2f0d306881$1
com.htetznaing.magiz.Async.TaskRunner$Callback:
    public abstract void onTaskCompleted(java.lang.Object)
    public abstract void onTaskFailure(java.lang.String)
com.htetznaing.magiz.Async.TaskRunner:
    public final void executeAsync(java.util.concurrent.Callable,com.htetznaing.magiz.Async.TaskRunner$Callback)
com.htetznaing.magiz.MainActivity$$InternalSyntheticLambda$0$deb6533ff18e8d60cf8ab101fbd2a751f42a448792cf9970fd7f4917914f23fa$0
com.htetznaing.magiz.MainActivity$$InternalSyntheticLambda$0$deb6533ff18e8d60cf8ab101fbd2a751f42a448792cf9970fd7f4917914f23fa$3
com.htetznaing.magiz.MainActivity:
    public final void handleResult(androidx.activity.result.ActivityResult)
    public final varargs void pickFile(java.lang.String[])
com.htetznaing.magiz.ZFileExtensions
com.htetznaing.magiz.databinding.ActivityMainBinding
com.htetznaing.magiz.databinding.ProgressDialogBinding
com.htetznaing.magiz.utils.ClipboardUtils
com.htetznaing.magiz.utils.MagicUIThemeInstaller$$InternalSyntheticLambda$2$c9be7566eefda475b466e4041f470c50c208dd5c1beec834dfa1af7596f17fe3$0
com.htetznaing.magiz.utils.MagicUIThemeInstaller$1:
    public final java.lang.Boolean call()
    public final java.io.OutputStream createOutputStream(java.lang.String)
com.htetznaing.magiz.utils.MagicUIThemeInstaller$2$$InternalSyntheticLambda$3$94c43bd12b663733bff74fe5ac19f5f922028a74f0844d4563fe7c81ca6c3fe0$0
com.htetznaing.magiz.utils.MagicUIThemeInstaller$2:
    public final void onTaskCompleted(java.lang.Boolean)
    public final void onTaskCompleted(java.lang.Object)
    public final void onTaskFailure(java.lang.String)
com.htetznaing.magiz.utils.MagicUIThemeInstaller:
    public final java.lang.String ANDROID_DATA
    public final java.lang.String ROOT_DIR_NAME
    public final java.lang.String THEME_DIR_NAME
    public static synthetic androidx.documentfile.provider.DocumentFile access$000(com.htetznaing.magiz.utils.MagicUIThemeInstaller)
    public static synthetic androidx.appcompat.app.AppCompatActivity access$100(com.htetznaing.magiz.utils.MagicUIThemeInstaller)
    public final void requestPermission()
com.htetznaing.magiz.utils.StreamUtils
...
kotlinx.coroutines.internal.ClassValueCtorCache$cache$1
kotlinx.coroutines.internal.ClassValueCtorCache
kotlinx.coroutines.internal.CtorCache
kotlinx.coroutines.internal.DispatchedContinuation:
    public static final synthetic java.util.concurrent.atomic.AtomicReferenceFieldUpdater _reusableCancellableContinuation$FU
    public void <init>(kotlinx.coroutines.CoroutineDispatcher,kotlin.coroutines.Continuation)
    public final void awaitReusability()
    public final kotlinx.coroutines.CancellableContinuationImpl getReusableCancellableContinuation()
    public final java.lang.StackTraceElement getStackTraceElement()
    public final boolean isReusable()
    public final void release()
kotlinx.coroutines.internal.DispatchedContinuationKt:
    public static final synthetic androidx.transition.ViewOverlayApi18 access$getUNDEFINED$p()
    public static final void resumeCancellableWith(kotlin.coroutines.Continuation,java.lang.Object,kotlin.jvm.functions.Function1)
    public static void resumeCancellableWith$default(kotlin.coroutines.Continuation,java.lang.Object,kotlin.jvm.functions.Function1,int,java.lang.Object)
kotlinx.coroutines.internal.ExceptionsConstructorKt$createConstructor$$inlined$sortedByDescending$1
kotlinx.coroutines.internal.ExceptionsConstructorKt$createConstructor$nullResult$1
kotlinx.coroutines.internal.ExceptionsConstructorKt$createSafeConstructor$$inlined$safeCtor$1
kotlinx.coroutines.internal.ExceptionsConstructorKt$createSafeConstructor$$inlined$safeCtor$2
kotlinx.coroutines.internal.ExceptionsConstructorKt$createSafeConstructor$$inlined$safeCtor$3
kotlinx.coroutines.internal.ExceptionsConstructorKt$createSafeConstructor$$inlined$safeCtor$4
kotlinx.coroutines.internal.ExceptionsConstructorKt
kotlinx.coroutines.internal.FastServiceLoader
kotlinx.coroutines.internal.FastServiceLoaderKt
kotlinx.coroutines.internal.LimitedDispatcher:
    public final boolean addAndTryDispatching(java.lang.Runnable)
    public final boolean tryAllocateWorker()
kotlinx.coroutines.internal.LimitedDispatcherKt
kotlinx.coroutines.internal.LockFreeLinkedListKt
kotlinx.coroutines.internal.LockFreeLinkedListNode$$InternalSyntheticBackportWithForwarding$1$2aa6258a2d9af28a0a13a6c657322c6a4582747280d26bb9630ec94f72583295$0
kotlinx.coroutines.internal.LockFreeLinkedListNode$$InternalSyntheticBackportWithForwarding$1$76d2387925fb03e4492195fe56a840ca430dde4ac3540a61ee4d9cd0c08d7e83$0
kotlinx.coroutines.internal.LockFreeLinkedListNode$$InternalSyntheticBackportWithForwarding$1$76d2387925fb03e4492195fe56a840ca430dde4ac3540a61ee4d9cd0c08d7e83$1
kotlinx.coroutines.internal.LockFreeLinkedListNode$$InternalSyntheticBackportWithForwarding$2$0e7fc1e3865bc8b7cba406f3adfc4946b03687ab5a2a0ff78d4a2590a03061a4$0
kotlinx.coroutines.internal.LockFreeLinkedListNode$$InternalSyntheticBackportWithForwarding$2$e39cf2d1267e7bbc2fbdcf92a277a673840a4f4e214bf8d34e4f6051b18fc538$0
kotlinx.coroutines.internal.LockFreeLinkedListNode$$InternalSyntheticBackportWithForwarding$3$e54cc1939147749a14385b0e16fedd722065bb8f35772311e77543edb617271c$0
kotlinx.coroutines.internal.LockFreeLinkedListNode$CondAddOp$$InternalSyntheticBackportWithForwarding$2$c9d2099c317f31edf8e58e8d5352a4ec71dec67d85593f8acdbd67524a90fbff$0
kotlinx.coroutines.internal.LockFreeLinkedListNode$CondAddOp
kotlinx.coroutines.internal.LockFreeLinkedListNode$toString$1:
    public final java.lang.Object get()